2015-12-03 22:41:05,276 [ultra-esb-timer] [system] [000000I]  INFO sys-info Percentage of memory usage of the system is : 5.67 %
2015-12-03 22:41:05,277 [ultra-esb-timer] [system] [000000I]  INFO sys-info CPU Usage is : 157.50
2015-12-03 22:41:05,277 [ultra-esb-timer] [system] [000000I]  INFO sys-info Thread count of the system is : 21
2015-12-03 22:41:05,277 [ultra-esb-timer] [system] [000000I]  INFO sys-info Open files of the process is : 354
2015-12-03 22:42:05,767 [ultra-esb-timer] [system] [000000I]  INFO sys-info Percentage of memory usage of the system is : 15.02 %
2015-12-03 22:42:05,767 [ultra-esb-timer] [system] [000000I]  INFO sys-info CPU Usage is : 110.00
2015-12-03 22:42:05,767 [ultra-esb-timer] [system] [000000I]  INFO sys-info Thread count of the system is : 31
2015-12-03 22:42:05,767 [ultra-esb-timer] [system] [000000I]  INFO sys-info Open files of the process is : 387
2015-12-03 22:43:05,787 [ultra-esb-timer] [system] [000000I]  INFO sys-info Percentage of memory usage of the system is : 16.85 %
2015-12-03 22:43:05,818 [ultra-esb-timer] [system] [000000I]  INFO sys-info CPU Usage is : 135.00
2015-12-03 22:43:05,818 [ultra-esb-timer] [system] [000000I]  INFO sys-info Thread count of the system is : 37
2015-12-03 22:43:05,819 [ultra-esb-timer] [system] [000000I]  INFO sys-info Open files of the process is : 391
2015-12-03 22:44:06,307 [ultra-esb-timer] [system] [000000I]  INFO sys-info Percentage of memory usage of the system is : 17.11 %
2015-12-03 22:44:06,307 [ultra-esb-timer] [system] [000000I]  INFO sys-info CPU Usage is : 285.00
2015-12-03 22:44:06,307 [ultra-esb-timer] [system] [000000I]  INFO sys-info Thread count of the system is : 37
2015-12-03 22:44:06,307 [ultra-esb-timer] [system] [000000I]  INFO sys-info Open files of the process is : 391
2015-12-03 22:45:06,324 [ultra-esb-timer] [system] [000000I]  INFO sys-info Percentage of memory usage of the system is : 17.46 %
2015-12-03 22:45:06,324 [ultra-esb-timer] [system] [000000I]  INFO sys-info CPU Usage is : 125.00
2015-12-03 22:45:06,324 [ultra-esb-timer] [system] [000000I]  INFO sys-info Thread count of the system is : 37
2015-12-03 22:45:06,324 [ultra-esb-timer] [system] [000000I]  INFO sys-info Open files of the process is : 391
2015-12-03 22:49:28,177 [ultra-esb-timer] [system] [000000I]  INFO sys-info Percentage of memory usage of the system is : 5.60 %
2015-12-03 22:49:28,223 [ultra-esb-timer] [system] [000000I]  INFO sys-info CPU Usage is : 1,307.50
2015-12-03 22:49:28,223 [ultra-esb-timer] [system] [000000I]  INFO sys-info Thread count of the system is : 21
2015-12-03 22:49:28,223 [ultra-esb-timer] [system] [000000I]  INFO sys-info Open files of the process is : 354
2015-12-03 22:50:28,523 [ultra-esb-timer] [system] [000000I]  INFO sys-info Percentage of memory usage of the system is : 14.52 %
2015-12-03 22:50:28,524 [ultra-esb-timer] [system] [000000I]  INFO sys-info CPU Usage is : 1,697.50
2015-12-03 22:50:28,524 [ultra-esb-timer] [system] [000000I]  INFO sys-info Thread count of the system is : 31
2015-12-03 22:50:28,524 [ultra-esb-timer] [system] [000000I]  INFO sys-info Open files of the process is : 387
2015-12-03 22:51:28,534 [ultra-esb-timer] [system] [000000I]  INFO sys-info Percentage of memory usage of the system is : 14.52 %
2015-12-03 22:51:28,534 [ultra-esb-timer] [system] [000000I]  INFO sys-info CPU Usage is : 950.00
2015-12-03 22:51:28,534 [ultra-esb-timer] [system] [000000I]  INFO sys-info Thread count of the system is : 31
2015-12-03 22:51:28,534 [ultra-esb-timer] [system] [000000I]  INFO sys-info Open files of the process is : 387
2015-12-03 22:52:28,553 [ultra-esb-timer] [system] [000000I]  INFO sys-info Percentage of memory usage of the system is : 14.52 %
2015-12-03 22:52:28,553 [ultra-esb-timer] [system] [000000I]  INFO sys-info CPU Usage is : 680.00
2015-12-03 22:52:28,553 [ultra-esb-timer] [system] [000000I]  INFO sys-info Thread count of the system is : 31
2015-12-03 22:52:28,553 [ultra-esb-timer] [system] [000000I]  INFO sys-info Open files of the process is : 387
2015-12-03 22:53:28,565 [ultra-esb-timer] [system] [000000I]  INFO sys-info Percentage of memory usage of the system is : 14.52 %
2015-12-03 22:53:28,565 [ultra-esb-timer] [system] [000000I]  INFO sys-info CPU Usage is : 597.50
2015-12-03 22:53:28,566 [ultra-esb-timer] [system] [000000I]  INFO sys-info Thread count of the system is : 31
2015-12-03 22:53:28,566 [ultra-esb-timer] [system] [000000I]  INFO sys-info Open files of the process is : 387
2015-12-03 22:54:28,572 [ultra-esb-timer] [system] [000000I]  INFO sys-info Percentage of memory usage of the system is : 14.63 %
2015-12-03 22:54:28,572 [ultra-esb-timer] [system] [000000I]  INFO sys-info CPU Usage is : 732.50
2015-12-03 22:54:28,572 [ultra-esb-timer] [system] [000000I]  INFO sys-info Thread count of the system is : 31
2015-12-03 22:54:28,573 [ultra-esb-timer] [system] [000000I]  INFO sys-info Open files of the process is : 387
2015-12-03 22:55:28,585 [ultra-esb-timer] [system] [000000I]  INFO sys-info Percentage of memory usage of the system is : 14.63 %
2015-12-03 22:55:28,585 [ultra-esb-timer] [system] [000000I]  INFO sys-info CPU Usage is : 645.00
2015-12-03 22:55:28,586 [ultra-esb-timer] [system] [000000I]  INFO sys-info Thread count of the system is : 31
2015-12-03 22:55:28,586 [ultra-esb-timer] [system] [000000I]  INFO sys-info Open files of the process is : 387
2015-12-03 22:56:28,601 [ultra-esb-timer] [system] [000000I]  INFO sys-info Percentage of memory usage of the system is : 14.63 %
2015-12-03 22:56:28,601 [ultra-esb-timer] [system] [000000I]  INFO sys-info CPU Usage is : 920.00
2015-12-03 22:56:28,601 [ultra-esb-timer] [system] [000000I]  INFO sys-info Thread count of the system is : 31
2015-12-03 22:56:28,601 [ultra-esb-timer] [system] [000000I]  INFO sys-info Open files of the process is : 387
2015-12-03 22:57:28,608 [ultra-esb-timer] [system] [000000I]  INFO sys-info Percentage of memory usage of the system is : 14.63 %
2015-12-03 22:57:28,608 [ultra-esb-timer] [system] [000000I]  INFO sys-info CPU Usage is : 842.50
2015-12-03 22:57:28,608 [ultra-esb-timer] [system] [000000I]  INFO sys-info Thread count of the system is : 31
2015-12-03 22:57:28,608 [ultra-esb-timer] [system] [000000I]  INFO sys-info Open files of the process is : 387
2015-12-03 22:58:28,619 [ultra-esb-timer] [system] [000000I]  INFO sys-info Percentage of memory usage of the system is : 14.63 %
2015-12-03 22:58:28,619 [ultra-esb-timer] [system] [000000I]  INFO sys-info CPU Usage is : 532.50
2015-12-03 22:58:28,619 [ultra-esb-timer] [system] [000000I]  INFO sys-info Thread count of the system is : 31
2015-12-03 22:58:28,619 [ultra-esb-timer] [system] [000000I]  INFO sys-info Open files of the process is : 387
2015-12-03 22:59:28,633 [ultra-esb-timer] [system] [000000I]  INFO sys-info Percentage of memory usage of the system is : 14.63 %
2015-12-03 22:59:28,633 [ultra-esb-timer] [system] [000000I]  INFO sys-info CPU Usage is : 302.50
2015-12-03 22:59:28,633 [ultra-esb-timer] [system] [000000I]  INFO sys-info Thread count of the system is : 31
2015-12-03 22:59:28,633 [ultra-esb-timer] [system] [000000I]  INFO sys-info Open files of the process is : 387
2015-12-03 23:00:28,643 [ultra-esb-timer] [system] [000000I]  INFO sys-info Percentage of memory usage of the system is : 17.84 %
2015-12-03 23:00:28,643 [ultra-esb-timer] [system] [000000I]  INFO sys-info CPU Usage is : 230.00
2015-12-03 23:00:28,643 [ultra-esb-timer] [system] [000000I]  INFO sys-info Thread count of the system is : 38
2015-12-03 23:00:28,643 [ultra-esb-timer] [system] [000000I]  INFO sys-info Open files of the process is : 391
2015-12-03 23:01:28,661 [ultra-esb-timer] [system] [000000I]  INFO sys-info Percentage of memory usage of the system is : 18.27 %
2015-12-03 23:01:28,661 [ultra-esb-timer] [system] [000000I]  INFO sys-info CPU Usage is : 262.50
2015-12-03 23:01:28,661 [ultra-esb-timer] [system] [000000I]  INFO sys-info Thread count of the system is : 37
2015-12-03 23:01:28,661 [ultra-esb-timer] [system] [000000I]  INFO sys-info Open files of the process is : 391
2015-12-03 23:02:28,679 [ultra-esb-timer] [system] [000000I]  INFO sys-info Percentage of memory usage of the system is : 18.53 %
2015-12-03 23:02:28,679 [ultra-esb-timer] [system] [000000I]  INFO sys-info CPU Usage is : 185.00
2015-12-03 23:02:28,679 [ultra-esb-timer] [system] [000000I]  INFO sys-info Thread count of the system is : 37
2015-12-03 23:02:28,679 [ultra-esb-timer] [system] [000000I]  INFO sys-info Open files of the process is : 391
2015-12-03 23:03:28,693 [ultra-esb-timer] [system] [000000I]  INFO sys-info Percentage of memory usage of the system is : 18.85 %
2015-12-03 23:03:28,693 [ultra-esb-timer] [system] [000000I]  INFO sys-info CPU Usage is : 312.50
2015-12-03 23:03:28,693 [ultra-esb-timer] [system] [000000I]  INFO sys-info Thread count of the system is : 37
2015-12-03 23:03:28,693 [ultra-esb-timer] [system] [000000I]  INFO sys-info Open files of the process is : 391
2015-12-03 23:04:28,708 [ultra-esb-timer] [system] [000000I]  INFO sys-info Percentage of memory usage of the system is : 19.18 %
2015-12-03 23:04:28,708 [ultra-esb-timer] [system] [000000I]  INFO sys-info CPU Usage is : 405.00
2015-12-03 23:04:28,708 [ultra-esb-timer] [system] [000000I]  INFO sys-info Thread count of the system is : 37
2015-12-03 23:04:28,708 [ultra-esb-timer] [system] [000000I]  INFO sys-info Open files of the process is : 391
2015-12-03 23:05:28,720 [ultra-esb-timer] [system] [000000I]  INFO sys-info Percentage of memory usage of the system is : 19.50 %
2015-12-03 23:05:28,720 [ultra-esb-timer] [system] [000000I]  INFO sys-info CPU Usage is : 377.50
2015-12-03 23:05:28,720 [ultra-esb-timer] [system] [000000I]  INFO sys-info Thread count of the system is : 37
2015-12-03 23:05:28,720 [ultra-esb-timer] [system] [000000I]  INFO sys-info Open files of the process is : 391
2015-12-03 23:06:28,730 [ultra-esb-timer] [system] [000000I]  INFO sys-info Percentage of memory usage of the system is : 19.77 %
2015-12-03 23:06:28,730 [ultra-esb-timer] [system] [000000I]  INFO sys-info CPU Usage is : 357.50
2015-12-03 23:06:28,730 [ultra-esb-timer] [system] [000000I]  INFO sys-info Thread count of the system is : 37
2015-12-03 23:06:28,731 [ultra-esb-timer] [system] [000000I]  INFO sys-info Open files of the process is : 391
2015-12-03 23:07:28,745 [ultra-esb-timer] [system] [000000I]  INFO sys-info Percentage of memory usage of the system is : 20.09 %
2015-12-03 23:07:28,745 [ultra-esb-timer] [system] [000000I]  INFO sys-info CPU Usage is : 282.50
2015-12-03 23:07:28,746 [ultra-esb-timer] [system] [000000I]  INFO sys-info Thread count of the system is : 37
2015-12-03 23:07:28,746 [ultra-esb-timer] [system] [000000I]  INFO sys-info Open files of the process is : 391
2015-12-03 23:08:28,759 [ultra-esb-timer] [system] [000000I]  INFO sys-info Percentage of memory usage of the system is : 20.52 %
2015-12-03 23:08:28,759 [ultra-esb-timer] [system] [000000I]  INFO sys-info CPU Usage is : 135.00
2015-12-03 23:08:28,759 [ultra-esb-timer] [system] [000000I]  INFO sys-info Thread count of the system is : 37
2015-12-03 23:08:28,759 [ultra-esb-timer] [system] [000000I]  INFO sys-info Open files of the process is : 391
2015-12-03 23:09:28,771 [ultra-esb-timer] [system] [000000I]  INFO sys-info Percentage of memory usage of the system is : 20.85 %
2015-12-03 23:09:28,771 [ultra-esb-timer] [system] [000000I]  INFO sys-info CPU Usage is : 662.50
2015-12-03 23:09:28,771 [ultra-esb-timer] [system] [000000I]  INFO sys-info Thread count of the system is : 37
2015-12-03 23:09:28,771 [ultra-esb-timer] [system] [000000I]  INFO sys-info Open files of the process is : 391
2015-12-03 23:10:28,782 [ultra-esb-timer] [system] [000000I]  INFO sys-info Percentage of memory usage of the system is : 21.11 %
2015-12-03 23:10:28,782 [ultra-esb-timer] [system] [000000I]  INFO sys-info CPU Usage is : 472.50
2015-12-03 23:10:28,782 [ultra-esb-timer] [system] [000000I]  INFO sys-info Thread count of the system is : 37
2015-12-03 23:10:28,782 [ultra-esb-timer] [system] [000000I]  INFO sys-info Open files of the process is : 391
2015-12-03 23:11:28,798 [ultra-esb-timer] [system] [000000I]  INFO sys-info Percentage of memory usage of the system is : 21.43 %
2015-12-03 23:11:28,798 [ultra-esb-timer] [system] [000000I]  INFO sys-info CPU Usage is : 242.50
2015-12-03 23:11:28,798 [ultra-esb-timer] [system] [000000I]  INFO sys-info Thread count of the system is : 37
2015-12-03 23:11:28,798 [ultra-esb-timer] [system] [000000I]  INFO sys-info Open files of the process is : 391
2015-12-03 23:12:28,805 [ultra-esb-timer] [system] [000000I]  INFO sys-info Percentage of memory usage of the system is : 21.76 %
2015-12-03 23:12:28,805 [ultra-esb-timer] [system] [000000I]  INFO sys-info CPU Usage is : 295.00
2015-12-03 23:12:28,805 [ultra-esb-timer] [system] [000000I]  INFO sys-info Thread count of the system is : 37
2015-12-03 23:12:28,805 [ultra-esb-timer] [system] [000000I]  INFO sys-info Open files of the process is : 391
2015-12-03 23:13:28,818 [ultra-esb-timer] [system] [000000I]  INFO sys-info Percentage of memory usage of the system is : 22.02 %
2015-12-03 23:13:28,818 [ultra-esb-timer] [system] [000000I]  INFO sys-info CPU Usage is : 177.50
2015-12-03 23:13:28,818 [ultra-esb-timer] [system] [000000I]  INFO sys-info Thread count of the system is : 37
2015-12-03 23:13:28,818 [ultra-esb-timer] [system] [000000I]  INFO sys-info Open files of the process is : 391
2015-12-03 23:14:28,838 [ultra-esb-timer] [system] [000000I]  INFO sys-info Percentage of memory usage of the system is : 22.35 %
2015-12-03 23:14:28,838 [ultra-esb-timer] [system] [000000I]  INFO sys-info CPU Usage is : 237.50
2015-12-03 23:14:28,838 [ultra-esb-timer] [system] [000000I]  INFO sys-info Thread count of the system is : 37
2015-12-03 23:14:28,838 [ultra-esb-timer] [system] [000000I]  INFO sys-info Open files of the process is : 391
2015-12-03 23:15:28,859 [ultra-esb-timer] [system] [000000I]  INFO sys-info Percentage of memory usage of the system is : 23.00 %
2015-12-03 23:15:28,859 [ultra-esb-timer] [system] [000000I]  INFO sys-info CPU Usage is : 162.50
2015-12-03 23:15:28,859 [ultra-esb-timer] [system] [000000I]  INFO sys-info Thread count of the system is : 37
2015-12-03 23:15:28,859 [ultra-esb-timer] [system] [000000I]  INFO sys-info Open files of the process is : 390
2015-12-03 23:16:28,876 [ultra-esb-timer] [system] [000000I]  INFO sys-info Percentage of memory usage of the system is : 23.00 %
2015-12-03 23:16:28,877 [ultra-esb-timer] [system] [000000I]  INFO sys-info CPU Usage is : 190.00
2015-12-03 23:16:28,877 [ultra-esb-timer] [system] [000000I]  INFO sys-info Thread count of the system is : 37
2015-12-03 23:16:28,877 [ultra-esb-timer] [system] [000000I]  INFO sys-info Open files of the process is : 390
2015-12-03 23:17:28,888 [ultra-esb-timer] [system] [000000I]  INFO sys-info Percentage of memory usage of the system is : 23.10 %
2015-12-03 23:17:28,888 [ultra-esb-timer] [system] [000000I]  INFO sys-info CPU Usage is : 97.50
2015-12-03 23:17:28,888 [ultra-esb-timer] [system] [000000I]  INFO sys-info Thread count of the system is : 37
2015-12-03 23:17:28,888 [ultra-esb-timer] [system] [000000I]  INFO sys-info Open files of the process is : 390
2015-12-03 23:18:28,912 [ultra-esb-timer] [system] [000000I]  INFO sys-info Percentage of memory usage of the system is : 23.10 %
2015-12-03 23:18:28,912 [ultra-esb-timer] [system] [000000I]  INFO sys-info CPU Usage is : 62.50
2015-12-03 23:18:28,912 [ultra-esb-timer] [system] [000000I]  INFO sys-info Thread count of the system is : 37
2015-12-03 23:18:28,912 [ultra-esb-timer] [system] [000000I]  INFO sys-info Open files of the process is : 390
2015-12-03 23:19:28,926 [ultra-esb-timer] [system] [000000I]  INFO sys-info Percentage of memory usage of the system is : 23.10 %
2015-12-03 23:19:28,926 [ultra-esb-timer] [system] [000000I]  INFO sys-info CPU Usage is : 120.00
2015-12-03 23:19:28,926 [ultra-esb-timer] [system] [000000I]  INFO sys-info Thread count of the system is : 37
2015-12-03 23:19:28,926 [ultra-esb-timer] [system] [000000I]  INFO sys-info Open files of the process is : 390
2015-12-03 23:20:28,940 [ultra-esb-timer] [system] [000000I]  INFO sys-info Percentage of memory usage of the system is : 23.10 %
2015-12-03 23:20:28,950 [ultra-esb-timer] [system] [000000I]  INFO sys-info CPU Usage is : 182.50
2015-12-03 23:20:28,950 [ultra-esb-timer] [system] [000000I]  INFO sys-info Thread count of the system is : 37
2015-12-03 23:20:28,950 [ultra-esb-timer] [system] [000000I]  INFO sys-info Open files of the process is : 390
2015-12-03 23:21:28,958 [ultra-esb-timer] [system] [000000I]  INFO sys-info Percentage of memory usage of the system is : 23.10 %
2015-12-03 23:21:28,958 [ultra-esb-timer] [system] [000000I]  INFO sys-info CPU Usage is : 157.50
2015-12-03 23:21:28,958 [ultra-esb-timer] [system] [000000I]  INFO sys-info Thread count of the system is : 37
2015-12-03 23:21:28,958 [ultra-esb-timer] [system] [000000I]  INFO sys-info Open files of the process is : 390
